<?xml version="1.0" encoding="UTF-8"?>
<beans xmlns="http://www.springframework.org/schema/beans"
	xmlns:xsi="http://www.w3.org/2001/XMLSchema-instance"
	xsi:schemaLocation="http://www.springframework.org/schema/beans http://www.springframework.org/schema/beans/spring-beans-3.1.xsd">

	<bean id="userDao" class="cz.cvut.fsv.webgama.dao.jdbc.JdbcUserDao">
		<property name="dataSource" ref="dataSource" />
	</bean>

	<!-- Initializes DataSource with connection pooling -->
	<bean id="dataSource" class="org.springframework.jdbc.datasource.DriverManagerDataSource">
		<property name="driverClassName" value="org.postgresql.Driver" />
		<property name="url" value="jdbc:postgresql://localhost:5432/webgama" />
		<property name="username" value="testuser" />
		<property name="password" value="testpass" />
	</bean>


</beans>
