<?xml version="1.0" encoding="UTF-8"?>
<beans xmlns="http://www.springframework.org/schema/beans"
	xmlns:xsi="http://www.w3.org/2001/XMLSchema-instance"
	xsi:schemaLocation="http://www.springframework.org/schema/beans http://www.springframework.org/schema/beans/spring-beans-3.1.xsd">

	<bean id="userDao" class="cz.cvut.fsv.webgama.dao.jdbc.JdbcUserDao">
		<property name="dataSource" ref="dataSource" />
	</bean>

	<bean id="loginDao" class="cz.cvut.fsv.webgama.dao.jdbc.JdbcLoginDao">
		<property name="dataSource" ref="dataSource" />
	</bean>

	<bean id="roleDao" class="cz.cvut.fsv.webgama.dao.jdbc.JdbcRoleDao">
		<property name="dataSource" ref="dataSource" />
	</bean>

	<bean id="authorityDao" class="cz.cvut.fsv.webgama.dao.jdbc.JdbcAuthorityDao">
		<property name="dataSource" ref="dataSource" />
		<property name="roleDao" ref="roleDao" />
		<property name="userDao" ref="userDao" />
	</bean>
	
	<bean id="userManager" class="cz.cvut.fsv.webgama.service.impl.UserManagerImpl">
		<property name="userDao" ref="userDao" />
		<property name="authorityDao" ref="authorityDao" />
	</bean>
	
	<bean id="processManager" class="cz.cvut.fsv.webgama.service.impl.ProcessManagerImpl">
		<property name="gamaFilePath" value="/opt/apache-tomcat-7.0.27/bin/gama-local" />
	</bean>
	

	<!-- Initializes DataSource with connection pooling -->
	<bean id="dataSource" class="org.apache.commons.dbcp.BasicDataSource" destroy-method="close">
		<property name="driverClassName" value="org.postgresql.Driver" />
		<property name="url" value="jdbc:postgresql://localhost:5432/webgama" />
		<property name="username" value="synekjan" />
		<property name="password" value="synekjan" />
	</bean>


</beans>
